a
abandon
ability
able
about
above
abroad
absence
absent
absolute
abstract
abuse
abusive
academic
accept
acceptable
acceptance
access
accident
accompany
according
account
accountant
accurate
accuse
ache
achieve
acquire
acquit
across
act
action
active
activity
actor
actress
actual
actually
adapt
add
addition
additional
address
adequate
adjourn
adjust
administration
admiration
admire
admission
admit
adopt
adoption
adult
advance
advantage
adventure
adventurous
advertise
advertisement
advice
advise
affair
affect
affection
affectionate
afford
afraid
after
afternoon
again
against
age
agency
agent
aggravation
aggressive
ago
agree
agreement
agriculture
ahead
aid
aim
air
airplane
airport
aisle
alarm
alert
alibi
alimony
alive
all
allergy
allow
allowance
almost
alone
along
